<?xml version="1.0" encoding="UTF-8"?>
<!-- Generated by org.testng.reporters.JUnitReportReporter -->
<testsuite hostname="DESKTOP-SSS5PN9" failures="0" tests="1" name="testCases.TC_001_AccountRegistration" time="3.622" errors="0" timestamp="2022-09-20T21:39:35 BST" skipped="0">
  <testcase classname="testCases.TC_001_AccountRegistration" name="test_accout_Registration" time="3.622"/>
  <system-out/>
</testsuite> <!-- testCases.TC_001_AccountRegistration -->
